<?xml version="1.0" encoding="UTF-8"?>
<!-- Generated by org.testng.reporters.JUnitXMLReporter -->
<testsuite hostname="PC" ignored="2" tests="5" failures="0" timestamp="2020-04-07T15:02:03 GMT+07:00" time="16.116" errors="0">
  <testcase name="verifyChangingLocation" time="3.942" classname="ChromeDriverTest"/>
  <testcase name="verifySearchingProductByName" time="2.518" classname="ChromeDriverTest"/>
  <testcase name="verifyOpeningProductViaCatalog" time="6.074" classname="ChromeDriverTest"/>
  <testcase name="verifyAddingProductInCart" time="2.314" classname="ChromeDriverTest"/>
  <testcase name="verifySlidingRecommendations" time="0.588" classname="ChromeDriverTest"/>
  <testcase name="@AfterSuite tearDownTest" time="0.0" classname="TestBase">
    <ignored/>
  </testcase> <!-- @AfterSuite tearDownTest -->
  <testcase name="@BeforeSuite initialize" time="0.0" classname="TestBase">
    <ignored/>
  </testcase> <!-- @BeforeSuite initialize -->
</testsuite>
