<?xml version="1.0" encoding="UTF-8"?>
<testsuite xmlns:xsi="http://www.w3.org/2001/XMLSchema-instance" xsi:noNamespaceSchemaLocation="https://maven.apache.org/surefire/maven-surefire-plugin/xsd/surefire-test-report.xsd" name="TestSuite" time="46.377" tests="5" errors="0" skipped="0" failures="0">
  <properties>
[...]
</properties>
  <testcase name="verifyChangingLocation" classname="ChromeDriverTest" time="3.895"/>
  <testcase name="verifySearchingProductByName" classname="ChromeDriverTest" time="2.514"/>
  <testcase name="verifyOpeningProductViaCatalog" classname="ChromeDriverTest" time="6.073"/>
  <testcase name="verifyAddingProductInCart" classname="ChromeDriverTest" time="2.314"/>
  <testcase name="verifySlidingRecommendations" classname="ChromeDriverTest" time="0.587"/>
</testsuite>